SF:lib/app_routes.dart
DA:21,6
DA:23,5
DA:26,2
DA:27,1
DA:28,2
DA:30,0
DA:34,2
DA:36,0
DA:40,1
DA:42,0
DA:46,1
DA:48,0
DA:52,1
DA:54,0
DA:55,0
DA:56,0
DA:57,0
DA:63,1
DA:65,0
DA:69,1
DA:71,0
DA:75,1
DA:77,0
DA:78,0
DA:79,0
DA:80,0
DA:86,1
DA:88,0
DA:92,1
DA:94,0
DA:98,1
DA:100,0
DA:102,1
DA:104,0
DA:108,1
DA:110,0
DA:117,4
LF:37
LH:18
end_of_record
SF:lib/screens/recap-config/recap_config.dart
DA:5,18
DA:7,1
DA:9,1
DA:11,1
DA:13,1
DA:15,1
DA:16,1
DA:18,1
DA:24,1
DA:26,1
DA:27,1
DA:28,1
DA:31,0
DA:34,1
DA:35,1
DA:38,0
DA:41,1
DA:42,1
DA:45,0
DA:48,1
DA:49,1
DA:52,0
DA:57,1
DA:58,1
DA:59,1
DA:60,0
DA:61,1
DA:65,1
DA:66,1
DA:73,1
DA:74,0
DA:75,1
DA:79,1
DA:80,1
DA:91,1
DA:92,1
DA:94,1
DA:95,1
DA:98,1
DA:99,1
DA:104,1
DA:106,1
DA:174,1
DA:177,1
DA:183,1
DA:186,1
DA:187,0
DA:188,1
DA:192,1
DA:193,1
DA:203,1
DA:206,1
DA:207,1
DA:208,1
DA:212,1
DA:213,1
LF:56
LH:49
end_of_record
SF:lib/components/footer.dart
DA:5,71
DA:7,4
DA:9,4
DA:11,4
DA:13,4
DA:14,4
DA:15,0
DA:16,0
DA:26,4
DA:27,0
DA:28,0
DA:38,4
DA:39,0
DA:48,4
DA:49,0
DA:50,0
LF:16
LH:9
end_of_record
SF:lib/screens/landing-page/landing_page.dart
DA:5,69
DA:7,1
DA:9,1
DA:11,1
DA:13,1
DA:15,1
DA:16,1
DA:22,1
DA:23,1
DA:24,1
DA:25,1
DA:26,1
DA:33,0
DA:45,1
DA:46,1
DA:47,1
DA:48,1
DA:49,1
DA:56,0
DA:67,1
DA:68,0
DA:71,1
DA:74,1
DA:75,1
DA:85,1
DA:86,0
DA:89,1
DA:92,1
DA:93,1
DA:105,1
DA:108,1
DA:109,1
DA:113,1
DA:114,1
DA:117,1
DA:145,1
DA:148,1
DA:149,1
DA:152,1
DA:157,1
DA:158,1
DA:172,1
LF:42
LH:38
end_of_record
SF:lib/screens/login/login.dart
DA:11,35
DA:13,1
DA:14,1
DA:23,1
DA:25,1
DA:30,1
DA:31,1
DA:35,1
DA:36,1
DA:39,1
DA:41,2
DA:43,1
DA:45,1
DA:48,1
DA:49,1
DA:52,1
DA:55,1
DA:56,1
DA:63,1
DA:66,1
DA:69,1
DA:70,1
DA:73,1
DA:76,1
DA:77,1
DA:83,1
DA:84,0
DA:85,0
DA:87,1
DA:89,1
DA:101,1
DA:104,1
DA:106,1
DA:107,2
DA:109,1
DA:110,1
DA:111,1
DA:112,1
DA:117,2
DA:122,2
DA:123,2
DA:124,0
DA:125,0
DA:126,0
DA:128,0
DA:129,0
DA:134,1
DA:136,1
DA:137,1
DA:146,1
DA:148,0
DA:149,0
DA:151,1
DA:153,1
DA:167,1
LF:55
LH:46
end_of_record
SF:lib/screens/profile/profile_page.dart
DA:4,18
DA:6,1
DA:8,1
DA:10,1
DA:12,1
DA:14,1
DA:15,1
DA:20,1
DA:22,1
DA:23,1
DA:24,1
DA:25,1
DA:26,1
DA:27,1
DA:34,0
DA:39,1
DA:40,1
DA:41,1
DA:42,1
DA:43,1
DA:50,0
DA:55,1
DA:56,1
DA:57,1
DA:58,1
DA:59,1
DA:66,0
DA:71,1
DA:72,1
DA:73,1
DA:74,1
DA:75,1
DA:82,0
DA:89,1
DA:90,1
DA:93,1
DA:97,1
DA:98,1
DA:107,1
DA:108,1
DA:109,1
DA:110,1
DA:111,1
DA:112,1
DA:116,1
DA:119,1
DA:120,1
DA:174,1
DA:179,1
DA:180,1
DA:184,1
DA:187,1
DA:188,1
DA:230,1
DA:232,1
DA:234,1
DA:236,1
DA:237,1
DA:238,0
DA:249,1
DA:250,0
DA:261,1
DA:262,0
LF:63
LH:56
end_of_record
SF:lib/screens/password-recuperation/password-recuperation.dart
DA:10,18
DA:12,1
DA:13,1
DA:25,1
DA:27,2
DA:29,1
DA:32,1
DA:34,1
DA:35,1
DA:39,1
DA:40,1
DA:44,1
DA:45,1
DA:48,1
DA:50,2
DA:52,1
DA:54,1
DA:56,1
DA:59,1
DA:60,1
DA:63,1
DA:66,1
DA:67,1
DA:75,1
DA:76,1
DA:78,1
DA:79,1
DA:80,2
DA:81,1
DA:84,1
DA:85,1
DA:86,1
DA:91,1
DA:94,1
DA:96,0
DA:103,1
DA:105,1
DA:106,1
DA:109,1
DA:110,1
DA:113,1
DA:114,1
DA:115,0
DA:116,0
DA:120,0
DA:123,0
DA:125,0
DA:135,0
DA:139,1
DA:142,1
DA:144,1
DA:145,2
DA:146,0
DA:147,0
DA:148,0
DA:149,0
DA:154,0
DA:158,0
DA:161,1
DA:163,1
DA:164,1
DA:184,1
DA:186,6
LF:63
LH:50
end_of_record
SF:lib/screens/password-recuperation/password_change.dart
DA:9,1
DA:13,1
DA:14,1
DA:22,1
DA:24,1
DA:28,1
DA:29,1
DA:33,1
DA:34,1
DA:37,1
DA:39,2
DA:41,1
DA:44,1
DA:47,1
DA:48,1
DA:51,1
DA:54,0
DA:55,0
DA:62,1
DA:65,1
DA:68,1
DA:69,1
DA:72,1
DA:75,0
DA:76,0
DA:79,0
DA:86,1
DA:89,1
DA:91,0
DA:92,0
DA:93,0
DA:94,0
DA:95,0
DA:96,0
DA:97,0
DA:102,0
DA:103,0
DA:108,0
DA:111,1
DA:113,1
DA:114,1
LF:41
LH:26
end_of_record
SF:lib/screens/register-confirmation/confirmed_user.dart
DA:11,1
DA:15,1
DA:16,1
DA:26,1
DA:28,3
DA:29,0
DA:31,0
DA:32,0
DA:33,0
DA:36,0
DA:37,0
DA:40,1
DA:41,2
DA:42,1
DA:43,1
DA:47,2
DA:48,2
DA:51,1
DA:54,1
DA:56,1
DA:57,1
DA:61,1
DA:62,1
DA:65,1
DA:66,1
DA:75,1
DA:77,0
DA:78,0
DA:80,1
DA:82,1
LF:30
LH:22
end_of_record
SF:lib/screens/register-confirmation/register_confirmation.dart
DA:10,18
DA:14,1
DA:15,1
DA:25,1
DA:27,3
DA:28,0
DA:30,0
DA:32,0
DA:33,0
DA:36,1
DA:39,1
DA:41,1
DA:42,1
DA:43,1
DA:44,1
DA:48,1
DA:49,1
DA:52,1
DA:53,1
DA:69,1
DA:72,1
DA:74,1
DA:75,1
DA:77,2
DA:78,1
DA:79,1
DA:80,1
DA:81,1
DA:82,1
DA:83,1
DA:84,1
DA:89,2
DA:90,2
DA:95,1
DA:97,1
DA:98,1
DA:110,1
DA:112,0
DA:113,0
DA:115,1
DA:117,1
LF:41
LH:35
end_of_record
SF:lib/screens/register/register.dart
DA:13,18
DA:15,1
DA:16,1
DA:24,1
DA:26,1
DA:35,1
DA:36,1
DA:40,1
DA:41,1
DA:44,1
DA:46,2
DA:47,1
DA:49,1
DA:52,1
DA:53,1
DA:56,0
DA:59,1
DA:60,1
DA:67,1
DA:69,1
DA:72,1
DA:73,1
DA:76,0
DA:79,1
DA:80,1
DA:87,1
DA:89,1
DA:92,1
DA:93,1
DA:96,0
DA:99,1
DA:100,1
DA:107,1
DA:109,1
DA:112,1
DA:113,1
DA:116,1
DA:119,1
DA:120,1
DA:127,1
DA:130,1
DA:133,1
DA:134,1
DA:137,1
DA:140,1
DA:141,1
DA:148,1
DA:151,1
DA:154,1
DA:155,1
DA:158,1
DA:161,1
DA:162,1
DA:165,1
DA:172,1
DA:175,1
DA:179,1
DA:180,2
DA:181,0
DA:182,0
DA:189,0
DA:194,0
DA:195,0
DA:196,0
DA:199,0
DA:200,0
DA:201,0
DA:202,0
DA:203,0
DA:205,0
DA:209,0
DA:210,0
DA:211,0
DA:214,0
DA:215,0
DA:219,0
DA:221,0
DA:222,0
DA:223,0
DA:226,1
DA:228,1
DA:229,1
DA:238,1
DA:240,0
DA:241,0
DA:243,1
DA:245,1
DA:259,1
LF:88
LH:62
end_of_record
SF:lib/screens/container-creation/container_creation.dart
DA:13,18
DA:15,1
DA:16,1
DA:24,2
DA:29,1
DA:31,1
DA:32,1
DA:33,4
DA:34,4
DA:35,4
DA:36,4
DA:37,4
DA:38,1
DA:39,2
DA:40,1
DA:43,0
DA:44,0
DA:48,0
DA:49,0
DA:52,0
DA:55,0
DA:58,0
DA:66,0
DA:67,0
DA:70,0
DA:71,0
DA:72,0
DA:73,0
DA:76,0
DA:77,0
DA:80,0
DA:83,0
DA:85,0
DA:86,0
DA:87,0
DA:88,0
DA:89,0
DA:90,0
DA:91,0
DA:92,0
DA:95,0
DA:96,0
DA:97,0
DA:98,0
DA:100,0
DA:101,0
DA:103,0
DA:104,0
DA:107,0
DA:110,0
DA:114,1
DA:115,3
DA:116,4
DA:117,2
DA:118,1
DA:123,0
DA:124,0
DA:125,0
DA:128,0
DA:129,0
DA:130,0
DA:133,1
DA:135,1
DA:136,1
DA:140,1
DA:142,1
DA:143,1
DA:148,1
DA:149,1
DA:156,1
DA:157,1
DA:161,1
DA:162,1
DA:164,1
DA:167,2
DA:171,1
DA:172,1
DA:173,1
DA:176,1
DA:178,2
DA:179,2
DA:185,1
DA:186,1
DA:188,1
DA:191,1
DA:192,1
LF:86
LH:45
end_of_record
SF:lib/screens/contact/contact.dart
DA:8,19
DA:10,1
DA:11,1
DA:14,1
DA:16,1
DA:23,1
DA:24,2
DA:28,2
DA:29,0
DA:31,3
DA:42,1
DA:44,1
DA:45,1
DA:49,1
DA:51,1
DA:52,1
DA:53,1
DA:54,1
DA:55,1
DA:56,1
DA:57,1
DA:58,1
DA:60,1
DA:61,1
DA:66,1
DA:67,1
DA:72,1
DA:73,1
DA:75,1
DA:76,1
DA:81,1
DA:82,1
DA:90,1
DA:92,1
DA:93,1
DA:95,1
DA:96,1
DA:102,1
DA:103,1
DA:107,1
DA:110,1
DA:111,1
DA:116,1
DA:117,1
DA:123,1
DA:124,1
DA:125,3
DA:126,3
DA:127,5
DA:131,1
DA:135,1
DA:136,1
LF:52
LH:51
end_of_record
SF:lib/screens/confidentiality/confidentiality.dart
DA:6,18
DA:8,1
DA:10,1
DA:12,1
DA:16,1
DA:17,1
DA:18,1
DA:20,1
DA:24,1
DA:26,1
DA:30,1
DA:38,1
DA:40,1
DA:47,1
DA:49,1
DA:51,1
DA:53,1
DA:63,1
DA:64,1
DA:65,1
DA:66,1
DA:74,1
DA:76,1
LF:23
LH:23
end_of_record
SF:lib/components/container_dialog.dart
DA:9,1
DA:15,1
DA:16,1
DA:31,1
DA:33,1
DA:34,1
DA:36,1
DA:40,1
DA:41,1
DA:42,1
DA:44,1
DA:45,1
DA:47,1
DA:48,1
DA:51,1
DA:52,1
DA:55,1
DA:56,1
DA:58,1
DA:59,1
DA:60,2
DA:63,2
DA:67,1
DA:74,1
DA:76,1
DA:77,1
DA:80,1
DA:81,1
DA:84,1
DA:85,1
DA:87,1
DA:88,1
DA:89,2
DA:92,2
DA:93,5
DA:96,0
DA:97,0
DA:101,1
DA:108,1
DA:110,1
DA:111,1
DA:112,0
DA:113,0
DA:114,0
DA:118,2
DA:119,1
DA:121,1
DA:124,1
DA:127,1
DA:128,1
DA:129,0
DA:130,0
DA:131,0
DA:135,2
DA:136,1
DA:138,1
DA:141,1
DA:143,1
DA:144,1
DA:145,0
DA:146,0
DA:147,0
DA:151,2
DA:152,1
DA:154,1
DA:157,1
DA:159,1
DA:161,1
DA:162,3
DA:163,0
DA:164,0
DA:165,0
DA:166,0
LF:73
LH:58
end_of_record
SF:lib/services/locker_service.dart
DA:9,1
DA:16,1
DA:17,1
DA:20,1
DA:21,1
LF:5
LH:5
end_of_record
SF:lib/components/custom_app_bar.dart
DA:15,9
DA:16,45
DA:17,9
DA:19,9
DA:21,9
DA:22,9
DA:23,9
DA:28,9
DA:34,9
DA:35,9
DA:36,9
DA:38,0
DA:39,0
DA:40,0
LF:14
LH:11
end_of_record
SF:lib/components/google.dart
DA:13,2
DA:19,2
DA:21,2
DA:22,0
DA:23,0
DA:25,2
DA:31,2
DA:34,2
DA:35,2
DA:37,2
DA:50,0
DA:51,0
DA:52,0
DA:55,0
DA:57,0
DA:60,0
DA:64,0
DA:68,0
DA:72,0
DA:73,0
DA:74,0
DA:78,0
DA:80,0
DA:81,0
DA:82,0
DA:83,0
DA:84,0
DA:85,0
DA:86,0
DA:88,0
DA:89,0
LF:31
LH:8
end_of_record
SF:lib/services/storage_service.dart
DA:6,1
DA:7,2
DA:10,3
DA:11,6
LF:4
LH:4
end_of_record
SF:lib/components/interactive_panel.dart
DA:9,2
DA:13,2
DA:14,2
DA:26,2
DA:31,2
DA:32,2
DA:33,2
DA:34,2
DA:36,2
DA:40,2
DA:41,2
DA:42,2
DA:43,0
DA:44,2
DA:45,2
DA:46,2
DA:47,2
DA:57,2
DA:58,2
DA:59,0
DA:60,0
DA:62,0
DA:63,0
DA:67,2
DA:68,2
DA:70,2
DA:94,2
DA:95,2
DA:96,0
DA:97,0
DA:99,0
DA:100,0
DA:104,2
DA:105,2
DA:107,2
DA:131,2
DA:132,2
DA:133,0
DA:134,0
DA:136,0
DA:137,0
DA:141,2
DA:142,2
DA:144,2
DA:166,2
DA:167,2
DA:168,2
DA:170,2
DA:171,4
DA:172,2
DA:174,2
DA:183,4
DA:184,2
DA:186,2
DA:195,4
DA:196,2
DA:198,2
DA:206,2
DA:208,2
DA:209,4
DA:210,2
DA:212,2
DA:221,4
DA:222,2
DA:224,2
DA:233,4
DA:234,2
DA:236,2
LF:68
LH:55
end_of_record
SF:lib/components/progress_bar.dart
DA:7,2
DA:23,2
DA:24,4
DA:31,2
DA:33,2
DA:34,4
DA:35,2
DA:36,2
DA:37,2
DA:39,2
DA:40,2
DA:41,4
DA:45,2
DA:47,2
DA:48,6
DA:49,2
DA:50,4
DA:54,2
DA:55,2
DA:59,2
DA:60,2
DA:61,2
DA:63,2
DA:64,2
DA:65,4
LF:25
LH:25
end_of_record
SF:lib/components/recap_panel.dart
DA:7,1
DA:15,2
DA:17,2
DA:19,7
DA:20,4
DA:26,4
DA:28,2
DA:30,2
DA:32,2
DA:33,2
DA:34,2
DA:36,2
DA:38,2
DA:52,2
DA:55,4
DA:56,1
DA:57,1
DA:59,1
DA:60,1
DA:62,1
DA:63,3
DA:66,1
DA:68,1
DA:69,5
DA:88,2
DA:89,6
DA:94,2
DA:96,2
DA:97,2
DA:98,0
DA:99,2
DA:100,2
DA:101,2
DA:107,2
DA:108,0
DA:109,2
DA:110,2
DA:111,2
LF:38
LH:36
end_of_record
SF:lib/services/http_service.dart
DA:5,0
DA:6,0
DA:7,0
DA:9,0
LF:4
LH:0
end_of_record
SF:lib/main.dart
DA:10,0
DA:11,0
DA:15,2
DA:18,1
DA:20,0
DA:21,1
DA:22,0
DA:23,0
DA:25,0
LF:9
LH:3
end_of_record
