SF:lib/app_routes.dart
DA:22,3
DA:24,3
DA:27,1
DA:28,1
DA:29,1
DA:31,0
DA:32,0
DA:35,1
DA:37,0
DA:41,1
DA:43,0
DA:47,1
DA:49,0
DA:53,1
DA:55,0
DA:59,1
DA:61,0
DA:62,0
DA:63,0
DA:64,0
DA:70,1
DA:72,0
DA:73,0
DA:76,1
DA:78,0
DA:82,1
DA:84,0
DA:85,0
DA:86,0
DA:87,0
DA:93,1
DA:95,0
DA:99,1
DA:101,0
DA:105,1
DA:107,0
DA:109,1
DA:111,0
DA:122,2
LF:39
LH:18
end_of_record
SF:lib/components/progress_bar.dart
DA:7,1
DA:23,1
DA:24,2
DA:31,1
DA:33,1
DA:34,2
DA:35,1
DA:36,1
DA:37,1
DA:39,1
DA:40,1
DA:41,2
DA:45,1
DA:47,1
DA:48,3
DA:49,1
DA:50,2
DA:54,1
DA:55,1
DA:59,1
DA:60,1
DA:61,1
DA:63,1
DA:64,1
DA:65,2
LF:25
LH:25
end_of_record
SF:lib/components/interactive_panel.dart
DA:7,10
DA:9,1
DA:11,1
DA:12,1
DA:13,1
DA:14,1
DA:16,1
DA:20,1
DA:21,1
DA:22,1
DA:23,0
DA:24,1
DA:25,1
DA:26,1
DA:27,1
DA:37,1
DA:38,1
DA:43,2
DA:45,1
DA:54,1
DA:55,1
DA:60,2
DA:62,1
DA:71,1
DA:72,1
DA:77,2
DA:79,1
DA:86,1
DA:87,1
DA:88,1
DA:90,1
DA:91,2
DA:92,1
DA:94,1
DA:103,2
DA:104,1
DA:106,1
DA:115,2
DA:116,1
DA:118,1
DA:126,1
DA:128,1
DA:129,2
DA:130,1
DA:132,1
DA:141,2
DA:142,1
DA:144,1
DA:153,2
DA:154,1
DA:156,1
LF:51
LH:50
end_of_record
SF:lib/screens/landing-page/landing_page.dart
DA:6,0
DA:8,0
DA:9,0
DA:10,0
DA:11,0
DA:12,0
DA:14,0
DA:15,0
DA:21,0
DA:22,0
DA:23,0
DA:24,0
DA:25,0
DA:26,0
DA:31,0
DA:43,0
DA:44,0
DA:45,0
DA:46,0
DA:47,0
DA:48,0
DA:53,0
DA:64,0
DA:65,0
DA:68,0
DA:70,0
DA:71,0
DA:72,0
DA:81,0
DA:82,0
DA:83,0
DA:86,0
DA:88,0
DA:89,0
DA:90,0
DA:102,0
DA:103,0
DA:105,0
DA:106,0
DA:110,0
DA:111,0
DA:114,0
DA:115,0
DA:118,0
DA:120,0
DA:122,0
DA:123,0
DA:125,0
DA:131,0
DA:132,0
DA:134,0
DA:136,0
DA:138,0
DA:142,0
DA:143,0
DA:145,0
DA:146,0
DA:149,0
DA:153,0
DA:154,0
DA:155,0
DA:169,0
LF:62
LH:0
end_of_record
SF:lib/screens/login/login.dart
DA:12,46
DA:14,2
DA:15,2
DA:24,2
DA:26,2
DA:31,2
DA:32,2
DA:36,2
DA:37,2
DA:40,2
DA:42,4
DA:44,2
DA:46,2
DA:49,2
DA:50,2
DA:53,1
DA:56,1
DA:57,1
DA:64,2
DA:67,2
DA:70,2
DA:71,2
DA:74,1
DA:77,1
DA:78,1
DA:84,2
DA:85,0
DA:86,0
DA:88,0
DA:89,0
DA:92,2
DA:94,2
DA:106,2
DA:109,2
DA:111,1
DA:112,2
DA:114,1
DA:115,1
DA:117,1
DA:122,2
DA:127,2
DA:128,2
DA:129,0
DA:130,0
DA:131,0
DA:133,0
DA:134,0
DA:136,0
DA:137,0
DA:145,2
DA:147,2
DA:148,2
DA:157,2
DA:159,1
DA:160,1
DA:162,1
DA:163,1
DA:166,2
DA:168,2
DA:182,2
LF:60
LH:49
end_of_record
SF:lib/screens/profile/profile_page.dart
DA:4,9
DA:6,0
DA:8,0
DA:10,0
DA:12,0
DA:14,0
DA:15,0
DA:20,0
DA:22,0
DA:23,0
DA:24,0
DA:25,0
DA:26,0
DA:27,0
DA:34,0
DA:39,0
DA:40,0
DA:41,0
DA:42,0
DA:43,0
DA:50,0
DA:55,0
DA:56,0
DA:57,0
DA:58,0
DA:59,0
DA:66,0
DA:71,0
DA:72,0
DA:73,0
DA:74,0
DA:75,0
DA:82,0
DA:89,0
DA:90,0
DA:93,0
DA:97,0
DA:98,0
DA:107,0
DA:108,0
DA:109,0
DA:110,0
DA:111,0
DA:112,0
DA:116,0
DA:119,0
DA:120,0
DA:154,0
DA:155,0
DA:157,0
DA:159,0
DA:162,0
DA:163,0
DA:165,0
DA:167,0
DA:174,0
DA:179,0
DA:180,0
DA:181,0
DA:184,0
DA:187,0
DA:188,0
DA:191,0
DA:192,0
DA:194,0
DA:196,0
DA:199,0
DA:200,0
DA:201,0
DA:205,0
DA:206,0
DA:208,0
DA:210,0
DA:213,0
DA:214,0
DA:216,0
DA:218,0
DA:229,0
DA:231,0
DA:233,0
DA:235,0
DA:236,0
DA:237,0
DA:248,0
DA:249,0
DA:260,0
DA:261,0
LF:87
LH:1
end_of_record
SF:lib/screens/recap-config/recap_config.dart
DA:4,9
DA:6,0
DA:8,0
DA:10,0
DA:12,0
DA:14,0
DA:15,0
DA:18,0
DA:24,0
DA:27,0
DA:28,0
DA:29,0
DA:32,0
DA:37,0
DA:38,0
DA:41,0
DA:46,0
DA:47,0
DA:50,0
DA:55,0
DA:56,0
DA:59,0
DA:66,0
DA:67,0
DA:68,0
DA:69,0
DA:72,0
DA:76,0
DA:77,0
DA:84,0
DA:85,0
DA:88,0
DA:92,0
DA:93,0
DA:104,0
DA:105,0
DA:107,0
DA:108,0
DA:111,0
DA:112,0
DA:117,0
DA:118,0
DA:119,0
DA:122,0
DA:123,0
DA:125,0
DA:128,0
DA:131,0
DA:132,0
DA:134,0
DA:137,0
DA:140,0
DA:142,0
DA:144,0
DA:145,0
DA:147,0
DA:150,0
DA:153,0
DA:155,0
DA:157,0
DA:158,0
DA:160,0
DA:163,0
DA:166,0
DA:168,0
DA:170,0
DA:171,0
DA:173,0
DA:176,0
DA:179,0
DA:181,0
DA:187,0
DA:190,0
DA:196,0
DA:199,0
DA:200,0
DA:203,0
DA:207,0
DA:208,0
DA:218,0
DA:221,0
DA:222,0
DA:225,0
DA:229,0
DA:230,0
DA:243,0
DA:245,0
DA:247,0
DA:249,0
DA:250,0
DA:251,0
DA:262,0
DA:263,0
DA:274,0
DA:275,0
LF:95
LH:1
end_of_record
SF:lib/screens/password-recuperation/password-recuperation.dart
DA:9,19
DA:11,1
DA:12,1
DA:24,1
DA:26,2
DA:28,1
DA:31,1
DA:33,1
DA:34,1
DA:38,1
DA:39,1
DA:43,1
DA:44,1
DA:47,1
DA:49,2
DA:51,1
DA:53,1
DA:55,1
DA:58,1
DA:59,1
DA:62,1
DA:65,1
DA:66,1
DA:74,1
DA:75,1
DA:77,1
DA:78,1
DA:79,2
DA:80,1
DA:83,1
DA:84,1
DA:85,1
DA:90,1
DA:93,1
DA:95,0
DA:102,1
DA:104,1
DA:105,1
DA:108,1
DA:109,1
DA:112,1
DA:113,1
DA:114,0
DA:115,0
DA:119,0
DA:122,0
DA:124,0
DA:134,0
DA:138,1
DA:141,1
DA:143,1
DA:144,2
DA:145,0
DA:146,0
DA:148,0
DA:153,0
DA:157,0
DA:159,0
DA:160,0
DA:164,1
DA:166,1
DA:167,1
DA:187,1
DA:189,6
LF:64
LH:50
end_of_record
SF:lib/screens/password-recuperation/password_change.dart
DA:8,1
DA:12,1
DA:13,1
DA:21,1
DA:23,1
DA:27,1
DA:28,1
DA:32,1
DA:33,1
DA:36,1
DA:38,2
DA:40,1
DA:43,1
DA:46,1
DA:47,1
DA:50,1
DA:53,1
DA:54,1
DA:61,1
DA:64,1
DA:67,1
DA:68,1
DA:71,1
DA:74,1
DA:75,1
DA:78,1
DA:85,1
DA:88,1
DA:90,1
DA:91,2
DA:92,1
DA:93,1
DA:94,1
DA:96,1
DA:101,2
DA:102,2
DA:106,1
DA:108,1
DA:109,1
DA:113,1
DA:115,1
DA:116,1
LF:42
LH:42
end_of_record
SF:lib/screens/register-confirmation/confirmed_user.dart
DA:10,1
DA:14,1
DA:15,1
DA:25,1
DA:27,3
DA:28,0
DA:30,0
DA:31,0
DA:32,0
DA:35,0
DA:36,0
DA:39,1
DA:40,1
DA:41,1
DA:42,1
DA:46,2
DA:47,2
DA:50,1
DA:53,1
DA:55,1
DA:56,1
DA:60,1
DA:61,1
DA:64,1
DA:65,1
DA:74,1
DA:76,1
DA:77,1
DA:79,1
DA:80,1
DA:83,1
DA:85,1
LF:32
LH:26
end_of_record
SF:lib/screens/register-confirmation/register_confirmation.dart
DA:10,11
DA:14,2
DA:15,2
DA:25,2
DA:27,6
DA:28,0
DA:30,0
DA:31,0
DA:32,0
DA:35,0
DA:36,0
DA:39,2
DA:42,2
DA:44,2
DA:45,2
DA:46,2
DA:47,2
DA:51,2
DA:52,2
DA:55,2
DA:56,2
DA:72,2
DA:75,2
DA:77,1
DA:78,1
DA:80,2
DA:81,1
DA:82,1
DA:83,1
DA:84,1
DA:86,1
DA:87,1
DA:92,2
DA:93,2
DA:98,2
DA:100,2
DA:101,2
DA:113,2
DA:115,1
DA:116,1
DA:118,1
DA:119,1
DA:122,2
DA:124,2
LF:44
LH:38
end_of_record
SF:lib/screens/register/register.dart
DA:13,28
DA:15,2
DA:16,2
DA:24,2
DA:26,2
DA:32,2
DA:33,2
DA:37,2
DA:38,2
DA:41,2
DA:43,4
DA:45,2
DA:47,2
DA:50,2
DA:51,2
DA:54,1
DA:57,1
DA:58,1
DA:65,2
DA:68,2
DA:71,2
DA:72,2
DA:75,1
DA:78,1
DA:79,1
DA:86,2
DA:89,2
DA:92,2
DA:93,2
DA:96,1
DA:99,1
DA:100,1
DA:103,1
DA:110,2
DA:113,2
DA:117,1
DA:118,2
DA:119,1
DA:120,1
DA:124,1
DA:129,1
DA:130,1
DA:134,2
DA:135,2
DA:136,0
DA:137,0
DA:138,0
DA:140,0
DA:144,0
DA:145,0
DA:146,0
DA:149,2
DA:154,1
DA:156,1
DA:157,1
DA:158,1
DA:161,2
DA:163,2
DA:164,2
DA:173,2
DA:175,1
DA:176,1
DA:178,1
DA:179,1
DA:181,2
DA:183,2
DA:197,2
LF:67
LH:60
end_of_record
SF:lib/screens/container-creation/container_creation.dart
DA:13,9
DA:15,0
DA:16,0
DA:28,0
DA:30,0
DA:32,0
DA:33,0
DA:34,0
DA:35,0
DA:36,0
DA:37,0
DA:38,0
DA:39,0
DA:40,0
DA:43,0
DA:44,0
DA:45,0
DA:46,0
DA:47,0
DA:52,0
DA:53,0
DA:54,0
DA:57,0
DA:58,0
DA:59,0
DA:62,0
DA:64,0
DA:65,0
DA:69,0
DA:71,0
DA:72,0
DA:77,0
DA:78,0
DA:85,0
DA:86,0
DA:99,0
DA:100,0
DA:101,0
DA:104,0
DA:106,0
DA:107,0
DA:108,0
DA:111,0
DA:113,0
DA:114,0
DA:121,0
DA:122,0
DA:124,0
DA:127,0
DA:128,0
DA:129,0
DA:130,0
DA:131,0
LF:53
LH:1
end_of_record
SF:lib/screens/container-creation/design_creation.dart
DA:9,18
DA:11,0
DA:12,0
DA:20,0
DA:21,0
DA:24,0
DA:25,0
DA:28,0
DA:30,0
DA:31,0
DA:35,0
DA:37,0
DA:38,0
DA:43,0
DA:44,0
LF:15
LH:1
end_of_record
SF:lib/main.dart
DA:12,0
DA:13,0
DA:17,9
DA:20,0
DA:22,0
DA:23,0
DA:24,0
DA:25,0
DA:27,0
DA:44,72
DA:57,3
DA:58,3
DA:64,3
DA:73,3
DA:76,0
DA:77,0
DA:83,0
DA:87,3
DA:95,3
DA:96,3
DA:99,9
DA:101,3
DA:102,3
DA:103,0
DA:104,0
DA:105,0
DA:106,0
DA:112,3
DA:113,0
DA:114,0
DA:115,0
DA:116,0
DA:122,3
DA:123,0
DA:124,0
DA:125,0
DA:126,0
DA:133,3
DA:136,3
DA:153,3
DA:157,3
DA:158,6
DA:159,9
DA:165,3
DA:166,3
LF:45
LH:22
end_of_record
SF:lib/contact_form/contact_form.dart
DA:7,1
DA:8,1
DA:12,0
DA:13,0
DA:19,0
DA:20,0
DA:24,0
DA:25,0
DA:27,0
DA:38,1
DA:40,1
DA:41,1
DA:45,1
DA:46,1
DA:47,1
DA:48,1
DA:49,1
DA:50,1
DA:51,1
DA:52,1
DA:53,1
DA:54,1
DA:55,1
DA:56,1
DA:57,1
DA:62,0
DA:63,0
DA:67,1
DA:68,1
DA:69,1
DA:70,1
DA:71,1
DA:72,1
DA:74,0
DA:78,0
DA:79,0
DA:85,1
DA:86,1
DA:87,1
DA:89,1
DA:90,1
DA:95,0
DA:96,0
DA:99,1
DA:100,1
DA:101,1
DA:102,1
DA:103,3
DA:104,0
DA:105,0
LF:50
LH:34
end_of_record
SF:lib/components/custom_app_bar.dart
DA:15,7
DA:16,35
DA:17,7
DA:19,7
DA:21,7
DA:22,7
DA:23,7
DA:28,7
DA:34,7
DA:35,7
DA:36,7
DA:38,0
DA:39,0
DA:41,0
DA:42,0
LF:15
LH:11
end_of_record
SF:lib/components/google.dart
DA:12,2
DA:18,2
DA:20,2
DA:21,0
DA:22,0
DA:24,2
DA:30,2
DA:33,2
DA:34,2
DA:36,2
DA:49,0
DA:50,0
DA:51,0
DA:54,0
DA:56,0
DA:59,0
DA:63,0
DA:67,0
DA:71,0
DA:72,0
DA:73,0
DA:77,0
DA:79,0
DA:80,0
DA:81,0
DA:82,0
DA:83,0
DA:84,0
DA:85,0
DA:87,0
DA:88,0
LF:31
LH:8
end_of_record
SF:lib/services/storage_service.dart
DA:6,0
DA:7,0
DA:10,3
DA:11,6
LF:4
LH:2
end_of_record
SF:lib/components/recap_panel.dart
DA:7,1
DA:15,1
DA:17,1
DA:19,4
DA:20,4
DA:26,2
DA:28,1
DA:30,1
DA:32,1
DA:33,1
DA:34,1
DA:36,1
DA:38,1
DA:52,1
DA:55,2
DA:56,1
DA:57,1
DA:59,1
DA:60,1
DA:62,1
DA:63,3
DA:66,1
DA:68,1
DA:69,5
DA:88,1
DA:89,3
DA:94,1
DA:96,1
DA:97,1
DA:98,0
DA:99,1
DA:100,1
DA:101,1
DA:107,1
DA:108,0
DA:109,1
DA:110,1
DA:111,1
LF:38
LH:36
end_of_record
SF:lib/services/http_service.dart
DA:5,1
DA:6,1
DA:7,1
DA:9,1
LF:4
LH:4
end_of_record
